<?xml version="1.0" encoding="utf-8"?><testsuites name="pytest tests"><testsuite name="pytest" errors="0" failures="0" skipped="0" tests="255" time="67.354" timestamp="2026-09-06T04:08:16.292710+09:00" hostname="aries"><testcase classname="tests.test_analysis" name="test_query_level_aggregates_do_not_count_repetitions_as_queries" time="0.003" /><testcase classname="tests.test_analysis" name="test_immutable_evidence_omits_local_paths_and_analysis_clock" time="0.000" /><testcase classname="tests.test_benchmark" name="test_full_harness_reuses_one_candidate_object_and_writes_all_evidence" time="1.410" /><testcase classname="tests.test_benchmark" name="test_query_block_checkpoint_resume_and_completed_run_non_destructive" time="0.227" /><testcase classname="tests.test_benchmark" name="test_final_analysis_excludes_incomplete_run_but_preserves_failure_state" time="0.641" /><testcase classname="tests.test_benchmark" name="test_final_analysis_rejects_a_tampered_completion_receipt" time="0.643" /><testcase classname="tests.test_benchmark" name="test_exact_truth_is_reused_across_identical_dataset_query_k_experiments" time="0.100" /><testcase classname="tests.test_benchmark" name="test_resource_limits_are_hashed_as_effective_configuration" time="0.001" /><testcase classname="tests.test_benchmark" name="test_certificate_validation_fails_closed_on_missing_receipt_fields" time="0.078" /><testcase classname="tests.test_benchmark" name="test_resume_rejects_a_different_implementation_tree_hash" time="0.079" /><testcase classname="tests.test_benchmark" name="test_flat_ground_truth_uses_exact_tie_order_not_faiss_label_order" time="0.001" /><testcase classname="tests.test_benchmark" name="test_delta_flat_same_c_reference_supplements_faiss_tie_boundary" time="0.001" /><testcase classname="tests.test_benchmark" name="test_delta_flat_performance_merge_uses_adaptive_exact_ranking" time="0.001" /><testcase classname="tests.test_benchmark" name="test_flat_performance_path_is_distinct_from_exact_truth_on_tie" time="0.001" /><testcase classname="tests.test_benchmark" name="test_split_id_is_bound_to_dataset_contents_not_only_id_arrays" time="0.001" /><testcase classname="tests.test_core_integrity" name="test_all_public_vector_arrays_use_immutable_bytes_backing" time="0.002" /><testcase classname="tests.test_core_integrity" name="test_dataset_split_direct_constructor_copies_mutable_inputs" time="0.001" /><testcase classname="tests.test_core_integrity" name="test_group_member_cannot_be_mutated_after_radius_was_certified" time="0.002" /><testcase classname="tests.test_core_integrity" name="test_delta_store_freezes_raw_sequence_and_validates_duplicate_content" time="0.001" /><testcase classname="tests.test_core_integrity" name="test_candidate_and_group_matrices_must_bit_match_their_records" time="0.001" /><testcase classname="tests.test_core_integrity" name="test_group_directory_rejects_duplicate_group_ids_and_version_keys" time="0.001" /><testcase classname="tests.test_core_integrity" name="test_complex_matrix_inputs_are_rejected_before_any_real_cast" time="0.001" /><testcase classname="tests.test_core_integrity" name="test_production_search_rejects_candidate_scope_substitution" time="0.002" /><testcase classname="tests.test_core_integrity" name="test_forged_candidate_content_is_rejected_against_bound_base" time="0.001" /><testcase classname="tests.test_core_integrity" name="test_ann_underfill_scans_visible_base_and_records_fallback" time="0.001" /><testcase classname="tests.test_core_integrity" name="test_visible_base_population_underfill_is_explicit" time="0.001" /><testcase classname="tests.test_core_integrity" name="test_audit_preserves_rational_decision_values_and_version_keys" time="0.002" /><testcase classname="tests.test_core_integrity" name="test_component_timing_names_do_not_double_book_full_scan_work" time="0.002" /><testcase classname="tests.test_counterexamples" name="test_delete_after_pruning_has_a_minimal_false_skip_counterexample" time="0.002" /><testcase classname="tests.test_counterexamples" name="test_current_latest_table_cannot_answer_an_old_snapshot" time="0.000" /><testcase classname="tests.test_counterexamples" name="test_moving_center_without_recomputing_radius_is_rejected" time="0.001" /><testcase classname="tests.test_counterexamples" name="test_small_beta_distance_contract_does_not_imply_id_recall" time="0.004" /><testcase classname="tests.test_crash" name="test_process_exit_inside_transaction_leaves_neither_vector_nor_obligation" time="0.150" /><testcase classname="tests.test_crash" name="test_process_exit_immediately_after_commit_recovers_raw_searchable_obligation" time="0.150" /><testcase classname="tests.test_crash" name="test_process_exit_mid_update_keeps_old_interval_and_has_no_new_obligation" time="0.149" /><testcase classname="tests.test_crash" name="test_process_exit_between_vector_interval_mutation_and_obligation_rolls_back[insert-commit_insert_after_version_before_obligation-0-expected_keys0-expected_kinds0]" time="0.148" /><testcase classname="tests.test_crash" name="test_process_exit_between_vector_interval_mutation_and_obligation_rolls_back[update-commit_update_after_versions_before_obligation-1-expected_keys1-expected_kinds1]" time="0.149" /><testcase classname="tests.test_crash" name="test_process_exit_between_vector_interval_mutation_and_obligation_rolls_back[delete-commit_delete_after_old_end_before_obligation-1-expected_keys2-expected_kinds2]" time="0.149" /><testcase classname="tests.test_crash" name="test_generation_crash_boundaries_use_old_plus_raw_or_valid_new[generation_after_index_metadata-temporary]" time="0.150" /><testcase classname="tests.test_crash" name="test_generation_crash_boundaries_use_old_plus_raw_or_valid_new[generation_after_files-temporary]" time="0.149" /><testcase classname="tests.test_crash" name="test_generation_crash_boundaries_use_old_plus_raw_or_valid_new[generation_after_rename-orphan]" time="0.150" /><testcase classname="tests.test_crash" name="test_generation_crash_boundaries_use_old_plus_raw_or_valid_new[generation_after_manifest-orphan]" time="0.150" /><testcase classname="tests.test_crash" name="test_generation_crash_boundaries_use_old_plus_raw_or_valid_new[generation_before_catalog_commit-orphan]" time="0.149" /><testcase classname="tests.test_crash" name="test_generation_crash_boundaries_use_old_plus_raw_or_valid_new[generation_after_catalog_commit-published]" time="0.151" /><testcase classname="tests.test_crash" name="test_group_publish_crash_is_atomic_for_new_readers[group_before_catalog_commit-1-0]" time="0.149" /><testcase classname="tests.test_crash" name="test_group_publish_crash_is_atomic_for_new_readers[group_after_catalog_commit-0-1]" time="0.153" /><testcase classname="tests.test_datasets" name="test_required_synthetic_families_are_deterministic_and_disjoint[clustered]" time="0.001" /><testcase classname="tests.test_datasets" name="test_required_synthetic_families_are_deterministic_and_disjoint[isotropic]" time="0.001" /><testcase classname="tests.test_datasets" name="test_required_synthetic_families_are_deterministic_and_disjoint[delta_near_queries]" time="0.001" /><testcase classname="tests.test_datasets" name="test_required_synthetic_families_are_deterministic_and_disjoint[outlier_radius]" time="0.001" /><testcase classname="tests.test_datasets" name="test_dataset_hash_changes_with_seed_even_when_id_ranges_match" time="0.001" /><testcase classname="tests.test_datasets" name="test_dataset_hash_accepts_zero_length_partitions" time="0.001" /><testcase classname="tests.test_datasets" name="test_fvecs_reader_respects_row_offset_and_limit" time="0.002" /><testcase classname="tests.test_datasets" name="test_fvecs_reader_rejects_inconsistent_row_headers" time="0.001" /><testcase classname="tests.test_datasets" name="test_limited_fvecs_read_does_not_touch_an_out_of_range_payload" time="0.001" /><testcase classname="tests.test_datasets" name="test_texmex_explicit_query_offsets_are_absolute_and_read_separately" time="0.002" /><testcase classname="tests.test_datasets" name="test_texmex_default_offsets_preserve_the_issue_one_prefix_split" time="0.002" /><testcase classname="tests.test_datasets" name="test_texmex_rejects_overlapping_or_negative_query_offsets[2-3-overlap]" time="0.001" /><testcase classname="tests.test_datasets" name="test_texmex_rejects_overlapping_or_negative_query_offsets[-1-4-non-negative]" time="0.001" /><testcase classname="tests.test_datasets" name="test_texmex_rejects_query_range_past_the_file" time="0.002" /><testcase classname="tests.test_datasets" name="test_load_dataset_forwards_explicit_texmex_query_offsets" time="0.002" /><testcase classname="tests.test_native_analysis" name="test_paired_speedup_folds_repetitions_then_sessions_then_queries" time="0.002" /><testcase classname="tests.test_native_analysis" name="test_paired_speedup_keeps_reused_session_ids_separate_by_run" time="0.001" /><testcase classname="tests.test_native_analysis" name="test_paired_bootstrap_rejects_fewer_than_two_thousand_query_resamples" time="0.001" /><testcase classname="tests.test_native_analysis" name="test_A_quality_mismatch_rows_are_never_selected_out_of_timing" time="0.001" /><testcase classname="tests.test_native_analysis" name="test_delta_influence_label_tampering_across_methods_is_rejected" time="0.000" /><testcase classname="tests.test_native_analysis" name="test_analysis_reports_F_and_A_over_P_for_all_three_timing_scopes" time="0.005" /><testcase classname="tests.test_native_analysis" name="test_validation_gate_passes_only_a_real_influential_native_candidate" time="0.005" /><testcase classname="tests.test_native_analysis" name="test_validation_gate_rejects_a_same_c_quality_mismatch_without_dropping_timing" time="0.005" /><testcase classname="tests.test_native_analysis" name="test_gist_only_speedup_cannot_authorize_the_sift_fresh_holdout" time="0.005" /><testcase classname="tests.test_native_analysis" name="test_validation_gate_fails_closed[&lt;lambda&gt;-native_backend_or_call_gate_failed0]" time="0.005" /><testcase classname="tests.test_native_analysis" name="test_validation_gate_fails_closed[&lt;lambda&gt;-native_backend_or_call_gate_failed1]" time="0.005" /><testcase classname="tests.test_native_analysis" name="test_validation_gate_fails_closed[&lt;lambda&gt;-correctness_gate_failed]" time="0.005" /><testcase classname="tests.test_native_analysis" name="test_validation_gate_fails_closed[&lt;lambda&gt;-no_non_degenerate_candidate_beats_both_F_and_A0]" time="0.005" /><testcase classname="tests.test_native_analysis" name="test_validation_gate_fails_closed[&lt;lambda&gt;-no_non_degenerate_candidate_beats_both_F_and_A1]" time="0.004" /><testcase classname="tests.test_native_analysis" name="test_validation_gate_fails_closed[&lt;lambda&gt;-no_non_degenerate_candidate_beats_both_F_and_A2]" time="0.005" /><testcase classname="tests.test_native_analysis" name="test_missing_proposed_delta_influence_row_label_fails_gate" time="0.005" /><testcase classname="tests.test_native_analysis" name="test_dropping_a_query_from_both_sides_cannot_improve_the_gate" time="0.005" /><testcase classname="tests.test_native_analysis" name="test_completed_run_loader_detects_raw_tampering" time="0.009" /><testcase classname="tests.test_native_analysis" name="test_completed_run_loader_rejects_escaping_checkpoint_raw_path[../outside.jsonl]" time="0.007" /><testcase classname="tests.test_native_analysis" name="test_completed_run_loader_rejects_escaping_checkpoint_raw_path[/tmp/outside.jsonl]" time="0.007" /><testcase classname="tests.test_native_analysis" name="test_completed_run_loader_rejects_checkpoint_raw_symlink" time="0.007" /><testcase classname="tests.test_native_analysis" name="test_completed_run_loader_rejects_checkpoint_raw_symlink_escape" time="0.007" /><testcase classname="tests.test_native_analysis" name="test_completed_run_loader_rejects_duplicate_checkpoint_raw_path" time="0.008" /><testcase classname="tests.test_native_analysis" name="test_completed_run_loader_rejects_unlisted_raw_shard" time="0.007" /><testcase classname="tests.test_native_analysis" name="test_completed_run_loader_detects_manifest_identity_tampering" time="0.006" /><testcase classname="tests.test_native_analysis" name="test_completed_run_loader_detects_ancillary_file_tampering" time="0.006" /><testcase classname="tests.test_native_analysis" name="test_completed_run_loader_rejects_escaping_ancillary_path" time="0.006" /><testcase classname="tests.test_native_analysis" name="test_completed_run_loader_rejects_duplicate_ancillary_path" time="0.006" /><testcase classname="tests.test_native_analysis" name="test_completed_run_loader_rejects_uninventoried_ancillary_file" time="0.006" /><testcase classname="tests.test_native_analysis" name="test_completed_run_loader_rejects_checksum_consistent_query_selection" time="0.007" /><testcase classname="tests.test_native_analysis" name="test_completed_run_loader_requires_full_configured_method_matrix" time="0.008" /><testcase classname="tests.test_native_analysis" name="test_completed_run_loader_requires_registered_fraction_oracle_prefix" time="0.009" /><testcase classname="tests.test_native_analysis" name="test_completed_run_loader_rejects_checksum_bound_failed_lb_audit" time="0.006" /><testcase classname="tests.test_native_analysis" name="test_completed_run_loader_rejects_checksum_bound_scientific_failure" time="0.007" /><testcase classname="tests.test_native_analysis" name="test_completed_validation_run_rejects_unregistered_source_config" time="0.007" /><testcase classname="tests.test_native_analysis" name="test_completed_validation_run_rejects_unregistered_source_config_file" time="0.007" /><testcase classname="tests.test_native_analysis" name="test_completed_validation_run_rejects_reserved_sift_interval" time="0.006" /><testcase classname="tests.test_native_analysis" name="test_formal_gate_accepts_completed_validation_manifests_only" time="0.046" /><testcase classname="tests.test_native_analysis" name="test_unmanifested_rows_write_durable_NOT_PASSED_without_a_lock" time="0.174" /><testcase classname="tests.test_native_analysis" name="test_validation_config_encodes_the_required_one_axis_matrix" time="0.001" /><testcase classname="tests.test_native_analysis" name="test_holdout_manifest_records_fresh_sift_and_non_independent_gist" time="0.002" /><testcase classname="tests.test_native_benchmark" name="test_native_runner_writes_checksum_bound_rows_and_immutable_completion" time="0.170" /><testcase classname="tests.test_native_benchmark" name="test_native_runner_controlled_stop_resumes_same_identity" time="0.223" /><testcase classname="tests.test_native_benchmark" name="test_native_resource_limits_materialize_defaults_and_relabel" time="0.000" /><testcase classname="tests.test_native_benchmark" name="test_formal_validation_requires_exactly_one_process_session" time="0.001" /><testcase classname="tests.test_native_benchmark" name="test_validation_resume_rejects_duplicate_completed_pool" time="0.002" /><testcase classname="tests.test_native_benchmark" name="test_validation_resume_rejects_failed_existing_lb_audit" time="0.204" /><testcase classname="tests.test_native_benchmark" name="test_resume_preserves_uncheckpointed_orphan_without_disqualifying_run" time="0.160" /><testcase classname="tests.test_native_benchmark" name="test_auxiliary_test_change_invalidates_correctness_prerequisite" time="0.003" /><testcase classname="tests.test_native_benchmark" name="test_native_contract_rejects_misordered_underfilled_result" time="0.001" /><testcase classname="tests.test_native_final" name="test_negative_validation_never_constructs_final_lock_or_config" time="0.010" /><testcase classname="tests.test_native_final" name="test_negative_validation_with_broken_source_is_not_a_performance_result" time="0.007" /><testcase classname="tests.test_native_final" name="test_negative_validation_with_broken_correctness_is_not_a_performance_result" time="0.007" /><testcase classname="tests.test_native_final" name="test_authorization_rejects_malformed_validation_correctness_aggregate[None]" time="0.007" /><testcase classname="tests.test_native_final" name="test_authorization_rejects_malformed_validation_correctness_aggregate[malformed1]" time="0.007" /><testcase classname="tests.test_native_final" name="test_authorization_rejects_malformed_validation_correctness_aggregate[malformed2]" time="0.007" /><testcase classname="tests.test_native_final" name="test_authorization_rejects_malformed_validation_correctness_aggregate[malformed3]" time="0.007" /><testcase classname="tests.test_native_final" name="test_authorization_rejects_malformed_validation_correctness_aggregate[malformed4]" time="0.007" /><testcase classname="tests.test_native_final" name="test_passed_validation_locks_fresh_primary_anchors_and_three_seeds" time="0.010" /><testcase classname="tests.test_native_final" name="test_final_gate_uses_fresh_query_level_three_session_speedup_and_p95" time="3.120" /><testcase classname="tests.test_native_final" name="test_build_cost_summary_is_component_complete_and_fail_closed" time="0.001" /><testcase classname="tests.test_native_final" name="test_hnsw_storage_inventory_rejects_extra_and_noncanonical_shards" time="0.004" /><testcase classname="tests.test_native_final" name="test_hnsw_resume_preserves_uncheckpointed_raw_with_checksum" time="0.004" /><testcase classname="tests.test_native_final" name="test_hnsw_checkpoint_rejects_mixed_rebuilt_index_identities" time="0.001" /><testcase classname="tests.test_native_final" name="test_hnsw_analysis_requires_completion_bound_build_segments" time="0.013" /><testcase classname="tests.test_native_final" name="test_direct_hnsw_invocation_rejects_negative_pre_gate_authorization" time="0.179" /><testcase classname="tests.test_native_final" name="test_final_session_receipt_hash_binds_all_experiment_build_costs" time="0.003" /><testcase classname="tests.test_native_final" name="test_authorization_fails_if_implementation_identity_changed" time="0.010" /><testcase classname="tests.test_native_final" name="test_final_policy_schema_rejects_threshold_quality_anchor_and_bool_changes" time="0.001" /><testcase classname="tests.test_native_final" name="test_authorization_rejects_final_policy_hash_tampering" time="0.007" /><testcase classname="tests.test_native_final" name="test_final_analyzer_rejects_changed_current_code_or_loaded_binary" time="0.006" /><testcase classname="tests.test_native_final_report" name="test_rq_answers_report_counts_and_descriptive_mechanism_metrics" time="0.001" /><testcase classname="tests.test_native_final_report" name="test_delta_influence_tables_include_every_sift_candidate_and_separate_gist" time="0.001" /><testcase classname="tests.test_native_final_report" name="test_main_scope_components_positive_beta_and_fallback_have_denominators" time="0.005" /><testcase classname="tests.test_native_final_report" name="test_geometry_and_build_tables_validate_counts_and_report_cold_warm_memory" time="0.001" /><testcase classname="tests.test_native_final_report" name="test_report_rejects_final_decision_bound_to_stale_correctness" time="0.002" /><testcase classname="tests.test_native_final_report" name="test_negative_report_accepts_absent_final_artifacts_and_rejects_wrong_verdict" time="0.003" /><testcase classname="tests.test_native_final_report" name="test_authorized_report_is_strictly_inconclusive" time="0.003" /><testcase classname="tests.test_native_final_report" name="test_completed_report_accepts_supported_no_go_and_is_hash_bound" time="0.005" /><testcase classname="tests.test_native_final_report" name="test_completed_report_rejects_tampered_per_seed_display" time="0.005" /><testcase classname="tests.test_native_final_report" name="test_measured_ablation_table_is_complete_and_fail_closed" time="0.001" /><testcase classname="tests.test_native_final_report" name="test_completed_artifacts_bind_exactly_to_analyzer_runs" time="0.005" /><testcase classname="tests.test_native_final_report" name="test_completed_artifacts_reject_symlinked_ancillary" time="0.004" /><testcase classname="tests.test_native_final_report" name="test_completed_performance_negative_requires_hnsw_not_run" time="0.005" /><testcase classname="tests.test_native_final_report" name="test_negative_decision_rejects_stale_final_summary_and_gate" time="0.001" /><testcase classname="tests.test_native_final_report" name="test_decision_rejects_hnsw_paths_that_differ_from_policy" time="0.001" /><testcase classname="tests.test_native_final_report" name="test_negative_final_cli_does_not_create_lock_config_hnsw_or_analysis" time="0.353" /><testcase classname="tests.test_native_kernel" name="test_native_f_n_p_share_results_and_expose_ablation_evidence" time="0.004" /><testcase classname="tests.test_native_kernel" name="test_native_packed_view_sorts_keys_and_omits_empty_groups" time="0.002" /><testcase classname="tests.test_native_kernel" name="test_native_build_info_rejects_stale_source_identity" time="0.001" /><testcase classname="tests.test_native_kernel" name="test_native_adaptive_ranking_resolves_equal_distance_identifier_ties" time="0.008" /><testcase classname="tests.test_native_kernel" name="test_duplicate_visibility_forces_full_scan_before_any_skip" time="0.003" /><testcase classname="tests.test_native_kernel" name="test_base_visible_cache_and_legacy_rebuild_freeze_identical_c" time="0.001" /><testcase classname="tests.test_native_kernel" name="test_native_dimension_tails_through_maximum_match_fraction_oracle[1]" time="0.003" /><testcase classname="tests.test_native_kernel" name="test_native_dimension_tails_through_maximum_match_fraction_oracle[3]" time="0.003" /><testcase classname="tests.test_native_kernel" name="test_native_dimension_tails_through_maximum_match_fraction_oracle[7]" time="0.003" /><testcase classname="tests.test_native_kernel" name="test_native_dimension_tails_through_maximum_match_fraction_oracle[15]" time="0.003" /><testcase classname="tests.test_native_kernel" name="test_native_dimension_tails_through_maximum_match_fraction_oracle[31]" time="0.004" /><testcase classname="tests.test_native_kernel" name="test_native_dimension_tails_through_maximum_match_fraction_oracle[127]" time="0.008" /><testcase classname="tests.test_native_kernel" name="test_native_dimension_tails_through_maximum_match_fraction_oracle[129]" time="0.008" /><testcase classname="tests.test_native_kernel" name="test_native_dimension_tails_through_maximum_match_fraction_oracle[4096]" time="0.195" /><testcase classname="tests.test_native_kernel" name="test_native_accepts_immutable_unaligned_query_and_frozen_c" time="0.001" /><testcase classname="tests.test_native_kernel" name="test_native_empty_and_population_below_k_have_no_false_kth_threshold" time="0.002" /><testcase classname="tests.test_native_kernel" name="test_native_nextafter_strict_skip_boundary[1.9999998807907104-scan]" time="0.002" /><testcase classname="tests.test_native_kernel" name="test_native_nextafter_strict_skip_boundary[2.0-scan]" time="0.002" /><testcase classname="tests.test_native_kernel" name="test_native_nextafter_strict_skip_boundary[2.000000238418579-skip]" time="0.002" /><testcase classname="tests.test_native_kernel" name="test_native_positive_beta_reports_nonzero_gap_bounded_by_request" time="0.002" /><testcase classname="tests.test_native_kernel" name="test_native_snapshot_lifecycle_and_prepared_binding_are_fail_closed" time="0.003" /><testcase classname="tests.test_native_kernel" name="test_native_fixed_seed_ci_prefix_matches_fraction_oracle" time="1.079" /><testcase classname="tests.test_native_kernel" name="test_native_fixed_seed_10000_matches_fraction_oracle" time="53.328"><properties><property name="native_fixed_seed" value="357769254" /><property name="native_case_count" value="10000" /></properties></testcase><testcase classname="tests.test_numerics" name="test_distance_intervals_contain_exact_stored_float32_distances" time="0.262" /><testcase classname="tests.test_numerics" name="test_intervals_cover_cancellation_outliers_and_long_accumulation" time="0.040" /><testcase classname="tests.test_numerics" name="test_chunked_intervals_are_identical_for_different_chunk_sizes" time="0.005" /><testcase classname="tests.test_numerics" name="test_sqrt_brackets_independently_enclose_exact_value[value0]" time="0.001" /><testcase classname="tests.test_numerics" name="test_sqrt_brackets_independently_enclose_exact_value[value1]" time="0.001" /><testcase classname="tests.test_numerics" name="test_sqrt_brackets_independently_enclose_exact_value[value2]" time="0.001" /><testcase classname="tests.test_numerics" name="test_sqrt_brackets_independently_enclose_exact_value[value3]" time="0.000" /><testcase classname="tests.test_numerics" name="test_sqrt_brackets_independently_enclose_exact_value[value4]" time="0.000" /><testcase classname="tests.test_numerics" name="test_implementation_exact_distance_agrees_with_independent_oracle" time="0.001" /><testcase classname="tests.test_numerics" name="test_built_radii_cover_every_member_and_lbs_are_member_lower_bounds" time="0.003" /><testcase classname="tests.test_numerics" name="test_zero_radius_and_zero_lower_bound" time="0.001" /><testcase classname="tests.test_numerics" name="test_independent_radius_check_rejects_too_small_radius" time="0.001" /><testcase classname="tests.test_numerics" name="test_invalid_beta_is_rejected[-1.0]" time="0.000" /><testcase classname="tests.test_numerics" name="test_invalid_beta_is_rejected[-inf]" time="0.000" /><testcase classname="tests.test_numerics" name="test_invalid_beta_is_rejected[inf]" time="0.000" /><testcase classname="tests.test_numerics" name="test_invalid_beta_is_rejected[nan]" time="0.000" /><testcase classname="tests.test_numerics" name="test_nonpositive_k_is_rejected[0]" time="0.000" /><testcase classname="tests.test_numerics" name="test_nonpositive_k_is_rejected[-1]" time="0.000" /><testcase classname="tests.test_numerics" name="test_noninteger_k_is_rejected[True]" time="0.000" /><testcase classname="tests.test_numerics" name="test_noninteger_k_is_rejected[False]" time="0.000" /><testcase classname="tests.test_numerics" name="test_noninteger_k_is_rejected[1.0]" time="0.000" /><testcase classname="tests.test_numerics" name="test_noninteger_k_is_rejected[1]" time="0.000" /><testcase classname="tests.test_numerics" name="test_noninteger_k_is_rejected[None]" time="0.000" /><testcase classname="tests.test_numerics" name="test_invalid_numeric_vectors_are_rejected[bad_vector0]" time="0.000" /><testcase classname="tests.test_numerics" name="test_invalid_numeric_vectors_are_rejected[bad_vector1]" time="0.001" /><testcase classname="tests.test_numerics" name="test_invalid_numeric_vectors_are_rejected[bad_vector2]" time="0.001" /><testcase classname="tests.test_numerics" name="test_invalid_numeric_vectors_are_rejected[bad_vector3]" time="0.000" /><testcase classname="tests.test_numerics" name="test_complex_vectors_are_rejected_instead_of_discarding_the_imaginary_part" time="0.000" /><testcase classname="tests.test_numerics" name="test_distance_input_shape_and_radius_validation" time="0.001" /><testcase classname="tests.test_numerics" name="test_exact_distance_rejects_mismatched_dimensions" time="0.000" /><testcase classname="tests.test_numerics" name="test_adaptive_topk_matches_stable_topk_at_ties" time="0.001" /><testcase classname="tests.test_numerics" name="test_adaptive_topk_exactly_resolves_transitive_overlap_chain" time="0.001" /><testcase classname="tests.test_numerics" name="test_adaptive_topk_underfill_returns_every_row_in_exact_order" time="0.001" /><testcase classname="tests.test_numerics" name="test_adaptive_topk_matches_stable_topk_on_fixed_random_inputs" time="0.230" /><testcase classname="tests.test_numerics" name="test_adaptive_topk_avoids_exact_work_for_separated_prefix" time="0.001" /><testcase classname="tests.test_randomized" name="test_fixed_seed_randomized_ci_subset" time="0.939" /><testcase classname="tests.test_search" name="test_immutable_delta_visibility_is_cached_per_snapshot" time="0.003" /><testcase classname="tests.test_search" name="test_pruned_search_carries_intervals_without_final_distance_rescan" time="0.003" /><testcase classname="tests.test_search" name="test_empty_delta_and_empty_total_population" time="0.001" /><testcase classname="tests.test_search" name="test_empty_group_is_ignored_without_changing_the_answer" time="0.001" /><testcase classname="tests.test_search" name="test_singleton_radius_zero_and_k_larger_than_population" time="0.002" /><testcase classname="tests.test_search" name="test_equal_distances_use_logical_then_version_id_tie_break" time="0.003" /><testcase classname="tests.test_search" name="test_all_identical_vectors_still_have_deterministic_topk" time="0.002" /><testcase classname="tests.test_search" name="test_beta_zero_matches_same_frozen_c_full_scan_and_exact_oracle" time="0.004" /><testcase classname="tests.test_search" name="test_positive_beta_observed_gap_is_bounded_by_certificate_and_request" time="0.002" /><testcase classname="tests.test_search" name="test_positive_beta_without_skip_has_zero_observed_and_certified_gap" time="0.002" /><testcase classname="tests.test_search" name="test_strict_lower_bound_boundaries[3.0-3.0-0.0-scan]" time="0.002" /><testcase classname="tests.test_search" name="test_strict_lower_bound_boundaries[3.0-1.9999998807907104-1.0-scan]" time="0.002" /><testcase classname="tests.test_search" name="test_strict_lower_bound_boundaries[3.0-2.0-1.0-scan]" time="0.002" /><testcase classname="tests.test_search" name="test_strict_lower_bound_boundaries[3.0-2.000000238418579-1.0-skip]" time="0.002" /><testcase classname="tests.test_search" name="test_lb_zero_group_is_scanned" time="0.001" /><testcase classname="tests.test_search" name="test_beta_larger_than_tau_can_skip_a_better_group_but_certifies_gap" time="0.001" /><testcase classname="tests.test_search" name="test_raw_and_grouped_pending_visibility_and_versions" time="0.006" /><testcase classname="tests.test_search" name="test_all_delta_versions_deleted_returns_only_frozen_c" time="0.001" /><testcase classname="tests.test_search" name="test_no_pruning_ablation_scans_every_visible_group" time="0.001" /><testcase classname="tests.test_search" name="test_duplicate_during_raw_to_group_handoff_does_not_corrupt_pruning_tau" time="0.003" /><testcase classname="tests.test_search" name="test_search_rejects_invalid_beta[-1.0]" time="0.001" /><testcase classname="tests.test_search" name="test_search_rejects_invalid_beta[nan]" time="0.001" /><testcase classname="tests.test_search" name="test_search_rejects_invalid_beta[inf]" time="0.001" /><testcase classname="tests.test_search" name="test_search_rejects_invalid_beta[-inf]" time="0.001" /><testcase classname="tests.test_search" name="test_search_rejects_invalid_k[0]" time="0.001" /><testcase classname="tests.test_search" name="test_search_rejects_invalid_k[-1]" time="0.001" /><testcase classname="tests.test_search" name="test_search_rejects_invalid_k[True]" time="0.001" /><testcase classname="tests.test_search" name="test_search_rejects_invalid_k[1.5]" time="0.001" /><testcase classname="tests.test_search" name="test_search_rejects_invalid_query_numeric[nan]" time="0.001" /><testcase classname="tests.test_search" name="test_search_rejects_invalid_query_numeric[inf]" time="0.001" /><testcase classname="tests.test_search" name="test_search_rejects_invalid_query_numeric[-inf]" time="0.001" /><testcase classname="tests.test_search" name="test_search_rejects_invalid_query_numeric[1e+16]" time="0.001" /><testcase classname="tests.test_search" name="test_search_rejects_query_dimension_mismatch" time="0.001" /><testcase classname="tests.test_store" name="test_commit_keeps_vector_interval_and_obligation_in_one_sequence" time="0.007" /><testcase classname="tests.test_store" name="test_failed_multi_operation_commit_rolls_back_clock_vectors_and_obligations" time="0.007" /><testcase classname="tests.test_store" name="test_reopen_reconstructs_committed_raw_pending_from_sqlite" time="0.010" /><testcase classname="tests.test_store" name="test_group_catalog_switch_has_raw_or_grouped_member_never_neither" time="0.012" /><testcase classname="tests.test_store" name="test_pinned_old_catalog_remains_raw_after_new_catalog_publish" time="0.011" /><testcase classname="tests.test_store" name="test_receipt_binds_group_revision_and_exact_delta_view_content" time="0.012" /><testcase classname="tests.test_store" name="test_invalid_group_center_falls_back_once_per_member_and_is_receipted" time="0.010" /><testcase classname="tests.test_store" name="test_loaded_generation_initializes_integrity_metadata" time="0.008" /><testcase classname="tests.test_store" name="test_loaded_generation_uses_current_runtime_thread_setting" time="0.009" /><testcase classname="tests.test_store" name="test_reserved_temporary_generation_prefix_is_rejected" time="0.006" /><testcase classname="tests.test_store" name="test_update_delete_use_historical_intervals_not_current_latest" time="0.012" /><testcase classname="tests.test_store" name="test_snapshot_older_than_every_generation_uses_retained_exact_fallback" time="0.009" /><testcase classname="tests.test_store" name="test_generation_manifest_and_corrupt_newest_fall_back_safely" time="0.012" /><testcase classname="tests.test_store" name="test_generation_pin_blocks_gc_and_old_view_survives_publish" time="0.012" /><testcase classname="tests.test_store" name="test_released_pin_and_out_of_range_snapshot_are_rejected" time="0.006" /></testsuite></testsuites>